2018-01-26T13:42:24.571Z - info:   [13532] *** FOLDER: c:\Projects\flex ***
2018-01-26T13:42:24.572Z - info:   [13532] VSTSVSCode/1.122.0 (VSCode 1.19.2; Windows_NT 10.0.15063; Node 7.9.0)
2018-01-26T13:42:24.573Z - debug:  [13532] Looking for an External Context at c:\Projects\flex
2018-01-26T13:42:24.574Z - debug:  [13532] No External Context at c:\Projects\flex
2018-01-26T13:42:24.575Z - debug:  [13532] Looking for TFVC repository at c:\Projects\flex
2018-01-26T13:42:24.575Z - debug:  [13532] TFVC Creating Tfvc object with localPath='undefined'
2018-01-26T13:42:24.577Z - debug:  [13532] Using TFS proxy: 
2018-01-26T13:42:24.577Z - debug:  [13532] TFVC Retrieved from settings; localPath='C:\Program Files (x86)\Microsoft Visual Studio\2017\Professional\Common7\IDE\CommonExtensions\Microsoft\TeamFoundation\Team Explorer\TF.exe'
2018-01-26T13:42:24.578Z - debug:  [13532] TFVC Repository created with repositoryRootFolder='c:\Projects\flex'
2018-01-26T13:42:24.580Z - debug:  [13532] TFVC Repository.CheckVersion
2018-01-26T13:42:24.580Z - debug:  [13532] TFVC: tf add -noprompt -?
2018-01-26T13:42:24.584Z - debug:  [13532] TFVC: spawned new process (duration: 3ms)
2018-01-26T13:42:24.591Z - debug:  [13532] TFVC: spawned new process (duration: 6ms)
2018-01-26T13:42:24.952Z - debug:  [13532] TFVC: add exit code: 0 (duration: 371ms)
2018-01-26T13:42:24.952Z - debug:  [13532] TFVC Minimum required version: 14.102.0
2018-01-26T13:42:24.952Z - debug:  [13532] TFVC (TF.exe, TF.cmd) version: 15.112.26421.0
2018-01-26T13:42:24.953Z - debug:  [13532] TFVC Repository.FindWorkspace with localPath='c:\Projects\flex'
2018-01-26T13:42:24.953Z - debug:  [13532] TFVC: tf workfold -noprompt ********
2018-01-26T13:42:24.961Z - debug:  [13532] TFVC: spawned new process (duration: 7ms)
2018-01-26T13:42:25.245Z - debug:  [13532] TFVC: workfold exit code: 100 (duration: 292ms)
2018-01-26T13:42:25.246Z - debug:  [13532] TFVC errors (via stderr): Unable to determine the workspace. You may be able to correct this by running 'tf workspaces /collection:TeamProjectCollectionUrl'.

2018-01-26T13:42:25.247Z - error:  [13532] Execution of the TFVC command line failed unexpectedly. Unable to determine the workspace. You may be able to correct this by running 'tf workspaces /collection:TeamProjectCollectionUrl'.
2018-01-26T13:43:47.907Z - info:   [18812] *** FOLDER: c:\Projects\flex ***
2018-01-26T13:43:47.908Z - info:   [18812] VSTSVSCode/1.122.0 (VSCode 1.19.2; Windows_NT 10.0.15063; Node 7.9.0)
2018-01-26T13:43:47.909Z - debug:  [18812] Looking for an External Context at c:\Projects\flex
2018-01-26T13:43:47.909Z - debug:  [18812] No External Context at c:\Projects\flex
2018-01-26T13:43:47.910Z - debug:  [18812] Looking for TFVC repository at c:\Projects\flex
2018-01-26T13:43:47.910Z - debug:  [18812] TFVC Creating Tfvc object with localPath='undefined'
2018-01-26T13:43:47.912Z - debug:  [18812] Using TFS proxy: 
2018-01-26T13:43:47.912Z - debug:  [18812] TFVC Retrieved from settings; localPath='C:\Program Files (x86)\Microsoft Visual Studio\2017\Professional\Common7\IDE\CommonExtensions\Microsoft\TeamFoundation\Team Explorer\TF.exe'
2018-01-26T13:43:47.913Z - debug:  [18812] TFVC Repository created with repositoryRootFolder='c:\Projects\flex'
2018-01-26T13:43:47.914Z - debug:  [18812] TFVC Repository.CheckVersion
2018-01-26T13:43:47.914Z - debug:  [18812] TFVC: tf add -noprompt -?
2018-01-26T13:43:47.918Z - debug:  [18812] TFVC: spawned new process (duration: 3ms)
2018-01-26T13:43:47.927Z - debug:  [18812] TFVC: spawned new process (duration: 9ms)
2018-01-26T13:43:48.286Z - debug:  [18812] TFVC: add exit code: 0 (duration: 371ms)
2018-01-26T13:43:48.287Z - debug:  [18812] TFVC Minimum required version: 14.102.0
2018-01-26T13:43:48.288Z - debug:  [18812] TFVC (TF.exe, TF.cmd) version: 15.112.26421.0
2018-01-26T13:43:48.289Z - debug:  [18812] TFVC Repository.FindWorkspace with localPath='c:\Projects\flex'
2018-01-26T13:43:48.290Z - debug:  [18812] TFVC: tf workfold -noprompt ********
2018-01-26T13:43:48.296Z - debug:  [18812] TFVC: spawned new process (duration: 5ms)
2018-01-26T13:43:48.457Z - debug:  [18812] TFVC: workfold exit code: 100 (duration: 167ms)
2018-01-26T13:43:48.459Z - debug:  [18812] TFVC errors (via stderr): Unable to determine the workspace. You may be able to correct this by running 'tf workspaces /collection:TeamProjectCollectionUrl'.

2018-01-26T13:43:48.460Z - error:  [18812] Execution of the TFVC command line failed unexpectedly. Unable to determine the workspace. You may be able to correct this by running 'tf workspaces /collection:TeamProjectCollectionUrl'.
